<?xml version="1.0" encoding="UTF-8"?>
<!-- Generated by org.testng.reporters.JUnitReportReporter -->
<testsuite hostname="DESKTOP-F6ODCH9" failures="0" tests="2" name="Tates.Addtocart_TC4" time="117.791" errors="0" timestamp="2021-01-05T14:51:56 IST" skipped="0">
  <testcase classname="Tates.Addtocart_TC4" name="VerifyCartPage" time="107.625"/>
  <system-out/>
  <testcase classname="Tates.Addtocart_TC4" name="VerifyingProductTotal" time="10.166"/>
  <system-out/>
</testsuite> <!-- Tates.Addtocart_TC4 -->
