<?xml version="1.0" encoding="UTF-8"?>
<!-- Generated by org.testng.reporters.JUnitReportReporter -->
<testsuite hostname="DESKTOP-F6ODCH9" failures="0" tests="3" name="Tates.RegisterPageTC2" time="31.855" errors="0" timestamp="2021-01-05T14:51:56 IST" skipped="0">
  <testcase classname="Tates.RegisterPageTC2" name="verifyRegisterWithInValidData" time="24.142"/>
  <system-out/>
  <testcase classname="Tates.RegisterPageTC2" name="verifyRegisterWithValidData" time="7.670"/>
  <system-out/>
  <testcase classname="Tates.RegisterPageTC2" name="verifyRegisterSuccess" time="0.043"/>
  <system-out/>
</testsuite> <!-- Tates.RegisterPageTC2 -->
