<?xml version="1.0" encoding="UTF-8"?>
<!-- Generated by org.testng.reporters.JUnitReportReporter -->
<testsuite hostname="DESKTOP-F6ODCH9" failures="0" tests="4" name="Tates.LoginTC1" time="58.988" errors="0" timestamp="2020-12-15T15:45:08 IST" skipped="0">
  <testcase classname="Tates.LoginTC1" name="verifyLoginWithInValidData1" time="14.058"/>
  <system-out/>
  <testcase classname="Tates.LoginTC1" name="verifyLoginWithInValidData2" time="3.515"/>
  <system-out/>
  <testcase classname="Tates.LoginTC1" name="verifyLoginWithInValidData3" time="3.557"/>
  <system-out/>
  <testcase classname="Tates.LoginTC1" name="verifyLoginWithValidData" time="37.858"/>
  <system-out/>
</testsuite> <!-- Tates.LoginTC1 -->
