<?xml version="1.0" encoding="UTF-8"?>
<!-- Generated by org.testng.reporters.JUnitReportReporter -->
<testsuite hostname="SIL-WIN-47" failures="0" tests="1" name="TatesTemp.Tatesclass" time="0.013" errors="0" timestamp="2020-09-04T16:41:26 IST" skipped="0">
  <testcase classname="TatesTemp.Tatesclass" name="VerifingPDPPage" time="0.013"/>
</testsuite> <!-- TatesTemp.Tatesclass -->
